Logfile initialized
[INFO] logfile = /Users/andrewcorliss/Documents/Andy_Titan_Space/Avalanche/build.log
[DEBUG] /Library/Application Support/Titanium/mobilesdk/osx/3.0.0.GA/android/builder.py install Avalanche /Users/andrewcorliss/Desktop/andriod-sdk /Users/andrewcorliss/Documents/Andy_Titan_Space/Avalanche com.corliosity.avalanche 16  
[INFO] Titanium SDK version: 3.0.0 (12/12/12 18:49 a5894b3)
[DEBUG] Waiting for device to be ready ...
[TRACE] adb devices returned 1 devices/emulators
[DEBUG] Device connected... (waited 0 seconds)
[DEBUG] waited 0.028874 seconds on emulator to get ready
[DEBUG] com.corliosity.avalanche installed? False
[INFO] Copying CommonJS modules...
[INFO] Copying project resources..
[TRACE] COPYING MODIFIED FILE: /Users/andrewcorliss/Documents/Andy_Titan_Space/Avalanche/Resources/ui/nhl/videos.js => /Users/andrewcorliss/Documents/Andy_Titan_Space/Avalanche/build/android/bin/assets/Resources/ui/nhl/videos.js
[TRACE] Generating Java Classes
[DEBUG] Processing Android resource drawables
[DEBUG] found special platform files dir = /Users/andrewcorliss/Documents/Andy_Titan_Space/Avalanche/platform/android
[DEBUG] copying app icon: /Users/andrewcorliss/Documents/Andy_Titan_Space/Avalanche/build/android/bin/assets/Resources/Icon.png
[DEBUG] generating theme.xml
[DEBUG] found drawable-long-land-hdpi splash screen at /Users/andrewcorliss/Documents/Andy_Titan_Space/Avalanche/Resources/android/images/res-long-land-hdpi/default.png
[DEBUG] copying /Users/andrewcorliss/Documents/Andy_Titan_Space/Avalanche/Resources/android/images/res-long-land-hdpi/default.png splash screen to /Users/andrewcorliss/Documents/Andy_Titan_Space/Avalanche/build/android/res/drawable-long-land-hdpi/background.png
[DEBUG] found drawable-long-land-ldpi splash screen at /Users/andrewcorliss/Documents/Andy_Titan_Space/Avalanche/Resources/android/images/res-long-land-ldpi/default.png
[DEBUG] copying /Users/andrewcorliss/Documents/Andy_Titan_Space/Avalanche/Resources/android/images/res-long-land-ldpi/default.png splash screen to /Users/andrewcorliss/Documents/Andy_Titan_Space/Avalanche/build/android/res/drawable-long-land-ldpi/background.png
[DEBUG] found drawable-long-port-hdpi splash screen at /Users/andrewcorliss/Documents/Andy_Titan_Space/Avalanche/Resources/android/images/res-long-port-hdpi/default.png
[DEBUG] copying /Users/andrewcorliss/Documents/Andy_Titan_Space/Avalanche/Resources/android/images/res-long-port-hdpi/default.png splash screen to /Users/andrewcorliss/Documents/Andy_Titan_Space/Avalanche/build/android/res/drawable-long-port-hdpi/background.png
[DEBUG] found drawable-long-port-ldpi splash screen at /Users/andrewcorliss/Documents/Andy_Titan_Space/Avalanche/Resources/android/images/res-long-port-ldpi/default.png
[DEBUG] copying /Users/andrewcorliss/Documents/Andy_Titan_Space/Avalanche/Resources/android/images/res-long-port-ldpi/default.png splash screen to /Users/andrewcorliss/Documents/Andy_Titan_Space/Avalanche/build/android/res/drawable-long-port-ldpi/background.png
[DEBUG] found drawable-notlong-land-hdpi splash screen at /Users/andrewcorliss/Documents/Andy_Titan_Space/Avalanche/Resources/android/images/res-notlong-land-hdpi/default.png
[DEBUG] copying /Users/andrewcorliss/Documents/Andy_Titan_Space/Avalanche/Resources/android/images/res-notlong-land-hdpi/default.png splash screen to /Users/andrewcorliss/Documents/Andy_Titan_Space/Avalanche/build/android/res/drawable-notlong-land-hdpi/background.png
[DEBUG] found drawable-notlong-land-ldpi splash screen at /Users/andrewcorliss/Documents/Andy_Titan_Space/Avalanche/Resources/android/images/res-notlong-land-ldpi/default.png
[DEBUG] copying /Users/andrewcorliss/Documents/Andy_Titan_Space/Avalanche/Resources/android/images/res-notlong-land-ldpi/default.png splash screen to /Users/andrewcorliss/Documents/Andy_Titan_Space/Avalanche/build/android/res/drawable-notlong-land-ldpi/background.png
[DEBUG] found drawable-notlong-land-mdpi splash screen at /Users/andrewcorliss/Documents/Andy_Titan_Space/Avalanche/Resources/android/images/res-notlong-land-mdpi/default.png
[DEBUG] copying /Users/andrewcorliss/Documents/Andy_Titan_Space/Avalanche/Resources/android/images/res-notlong-land-mdpi/default.png splash screen to /Users/andrewcorliss/Documents/Andy_Titan_Space/Avalanche/build/android/res/drawable-notlong-land-mdpi/background.png
[DEBUG] found drawable-notlong-port-hdpi splash screen at /Users/andrewcorliss/Documents/Andy_Titan_Space/Avalanche/Resources/android/images/res-notlong-port-hdpi/default.png
[DEBUG] copying /Users/andrewcorliss/Documents/Andy_Titan_Space/Avalanche/Resources/android/images/res-notlong-port-hdpi/default.png splash screen to /Users/andrewcorliss/Documents/Andy_Titan_Space/Avalanche/build/android/res/drawable-notlong-port-hdpi/background.png
[DEBUG] found drawable-notlong-port-ldpi splash screen at /Users/andrewcorliss/Documents/Andy_Titan_Space/Avalanche/Resources/android/images/res-notlong-port-ldpi/default.png
[DEBUG] copying /Users/andrewcorliss/Documents/Andy_Titan_Space/Avalanche/Resources/android/images/res-notlong-port-ldpi/default.png splash screen to /Users/andrewcorliss/Documents/Andy_Titan_Space/Avalanche/build/android/res/drawable-notlong-port-ldpi/background.png
[DEBUG] found drawable-notlong-port-mdpi splash screen at /Users/andrewcorliss/Documents/Andy_Titan_Space/Avalanche/Resources/android/images/res-notlong-port-mdpi/default.png
[DEBUG] copying /Users/andrewcorliss/Documents/Andy_Titan_Space/Avalanche/Resources/android/images/res-notlong-port-mdpi/default.png splash screen to /Users/andrewcorliss/Documents/Andy_Titan_Space/Avalanche/build/android/res/drawable-notlong-port-mdpi/background.png
[DEBUG] found splash screen at /Users/andrewcorliss/Documents/Andy_Titan_Space/Avalanche/build/android/bin/assets/Resources/default.png
[INFO] Detected custom ApplicationManifest.xml -- no Titanium version migration supported
[DEBUG] Added 'screenSize' to <activity android:configChanges> because targeted api level 15 is >= 13
[TRACE] Writing out AndroidManifest.xml
[DEBUG] adding /Users/andrewcorliss/Documents/Andy_Titan_Space/Avalanche/build/android/gen/com/corliosity/avalanche/AvalancheActivity.java to javac build list
[DEBUG] adding /Users/andrewcorliss/Documents/Andy_Titan_Space/Avalanche/build/android/gen/com/corliosity/avalanche/AvalancheAppInfo.java to javac build list
[DEBUG] adding /Users/andrewcorliss/Documents/Andy_Titan_Space/Avalanche/build/android/gen/com/corliosity/avalanche/AvalancheApplication.java to javac build list
[DEBUG] adding /Users/andrewcorliss/Documents/Andy_Titan_Space/Avalanche/build/android/gen/com/corliosity/avalanche/Manifest.java to javac build list
[DEBUG] adding /Users/andrewcorliss/Documents/Andy_Titan_Space/Avalanche/build/android/gen/com/corliosity/avalanche/R.java to javac build list
[DEBUG] Building Java Sources: "/Users/andrewcorliss/Documents/Andy_Titan_Space/Avalanche/build/android/gen/com/corliosity/avalanche/AvalancheActivity.java" "/Users/andrewcorliss/Documents/Andy_Titan_Space/Avalanche/build/android/gen/com/corliosity/avalanche/AvalancheAppInfo.java" "/Users/andrewcorliss/Documents/Andy_Titan_Space/Avalanche/build/android/gen/com/corliosity/avalanche/AvalancheApplication.java" "/Users/andrewcorliss/Documents/Andy_Titan_Space/Avalanche/build/android/gen/com/corliosity/avalanche/Manifest.java" "/Users/andrewcorliss/Documents/Andy_Titan_Space/Avalanche/build/android/gen/com/corliosity/avalanche/R.java"
[INFO] Compiling Android Resources... This could take some time
[DEBUG] Android classes.dex built
[DEBUG] creating unsigned apk: /Users/andrewcorliss/Documents/Andy_Titan_Space/Avalanche/build/android/bin/app-unsigned.apk
[DEBUG] from resource zip => assets/Resources/images/arrow.png
[DEBUG] from resource zip => assets/Resources/images/avalanche_team.png
[DEBUG] from resource zip => assets/Resources/images/bg.png
[DEBUG] from resource zip => assets/Resources/images/header.png
[DEBUG] from resource zip => assets/Resources/images/landeskog_card.png
[DEBUG] from resource zip => assets/Resources/images/locker_room.png
[DEBUG] from resource zip => assets/Resources/images/news.png
[DEBUG] from resource zip => assets/Resources/images/nhl.png
[DEBUG] from resource zip => assets/Resources/images/nhl_bg.png
[DEBUG] from resource zip => assets/Resources/images/roster.png
[DEBUG] from resource zip => assets/Resources/images/sched.png
[DEBUG] from resource zip => assets/Resources/images/shopping.png
[DEBUG] from resource zip => assets/Resources/images/standings.png
[DEBUG] from resource zip => assets/Resources/images/twitter.png
[DEBUG] from resource zip => assets/Resources/images/whiteArrow.png
[DEBUG] from resource zip => assets/Resources/lib/oauth.js
[DEBUG] from resource zip => assets/Resources/lib/oauth_adapter.js
[DEBUG] from resource zip => assets/Resources/lib/sha1.js
[DEBUG] from resource zip => assets/Resources/lib/twitter_api.js
[DEBUG] from resource zip => assets/Resources/services/NHLrss.js
[DEBUG] from resource zip => assets/Resources/services/Push.js
[DEBUG] from resource zip => assets/Resources/services/avs_videos.js
[DEBUG] from resource zip => assets/Resources/services/games.js
[DEBUG] from resource zip => assets/Resources/services/goavsgo.js
[DEBUG] from resource zip => assets/Resources/services/pushwoosh.js
[DEBUG] from resource zip => assets/Resources/services/roster.js
[DEBUG] from resource zip => assets/Resources/services/rss.js
[DEBUG] from resource zip => assets/Resources/services/stands.js
[DEBUG] from resource zip => assets/Resources/sound/goal.m4a
[DEBUG] from resource zip => assets/Resources/ui/common/DetailView.js
[DEBUG] from resource zip => assets/Resources/ui/common/MasterView.js
[DEBUG] from resource zip => assets/Resources/ui/common/shop.js
[DEBUG] from resource zip => assets/Resources/ui/handheld/android/ApplicationWindow.js
[DEBUG] from resource zip => assets/Resources/ui/handheld/ios/ApplicationWindow.js
[DEBUG] from resource zip => assets/Resources/ui/news/nhlNews.js
[DEBUG] from resource zip => assets/Resources/ui/nhl/DetailView.js
[DEBUG] from resource zip => assets/Resources/ui/nhl/MasterView.js
[DEBUG] from resource zip => assets/Resources/ui/nhl/androidStandings.js
[DEBUG] from resource zip => assets/Resources/ui/nhl/standings.js
[DEBUG] from resource zip => assets/Resources/ui/nhl/videos.js
[DEBUG] from resource zip => assets/Resources/ui/nhl/videos_view.js
[DEBUG] from resource zip => assets/Resources/ui/nhlHandheld/android/ApplicationWindow.js
[DEBUG] from resource zip => assets/Resources/ui/nhlHandheld/ios/ApplicationWindow.js
[DEBUG] from resource zip => assets/Resources/ui/roster/roster13.js
[DEBUG] from resource zip => assets/Resources/ui/roster/rosterDetail.js
[DEBUG] from resource zip => assets/Resources/ui/schedule/androidGames.js
[DEBUG] from resource zip => assets/Resources/ui/schedule/games13.js
[DEBUG] from resource zip => assets/Resources/ui/tweets/responseTweet.js
[DEBUG] from resource zip => assets/Resources/ui/tweets/sendTweet.js
[DEBUG] from resource zip => assets/Resources/ui/tweets/twitter.js
[DEBUG] from resource zip => assets/Resources/KS_nav_ui.png
[DEBUG] from resource zip => assets/Resources/KS_nav_views.png
[DEBUG] from resource zip => assets/Resources/NavigationController.js
[DEBUG] from resource zip => assets/Resources/TestWindow.js
[DEBUG] from resource zip => assets/Resources/app.js
[DEBUG] from resource zip => assets/Resources/appicon.png
[DEBUG] from resource zip => assets/Resources/default.png
[DEBUG] from resource zip => assets/Resources/icon-72@2x.png
[DEBUG] from resource zip => assets/Resources/icon.png
[DEBUG] from resource zip => assets/Resources/ti.cloud.js
[DEBUG] from resource zip => assets/app.json
[DEBUG] from resource zip => assets/index.json
[DEBUG] from resource zip => assets/tiapp.xml
[DEBUG] from resource zip => res/drawable/appicon.png
[DEBUG] from resource zip => res/drawable/background.png
[DEBUG] from resource zip => res/layout/titanium_tabgroup.xml
[DEBUG] from resource zip => AndroidManifest.xml
[DEBUG] from resource zip => resources.arsc
[DEBUG] from resource zip => res/drawable-long-land-hdpi/background.png
[DEBUG] from resource zip => res/drawable-long-land-ldpi/background.png
[DEBUG] from resource zip => res/drawable-long-port-hdpi/background.png
[DEBUG] from resource zip => res/drawable-long-port-ldpi/background.png
[DEBUG] from resource zip => res/drawable-notlong-land-hdpi/background.png
[DEBUG] from resource zip => res/drawable-notlong-land-ldpi/background.png
[DEBUG] from resource zip => res/drawable-notlong-land-mdpi/background.png
[DEBUG] from resource zip => res/drawable-notlong-port-hdpi/background.png
[DEBUG] from resource zip => res/drawable-notlong-port-ldpi/background.png
[DEBUG] from resource zip => res/drawable-notlong-port-mdpi/background.png
[DEBUG] from JAR /Library/Application Support/Titanium/mobilesdk/osx/3.0.0.GA/android/titanium.jar => org/appcelerator/titanium/build.properties
[DEBUG] from JAR /Library/Application Support/Titanium/mobilesdk/osx/3.0.0.GA/android/titanium.jar => org/appcelerator/titanium/res/drawable/background.png
[DEBUG] from JAR /Library/Application Support/Titanium/mobilesdk/osx/3.0.0.GA/android/titanium.jar => org/appcelerator/titanium/res/drawable/btn_check_buttonless_on.png
[DEBUG] from JAR /Library/Application Support/Titanium/mobilesdk/osx/3.0.0.GA/android/titanium.jar => org/appcelerator/titanium/res/drawable/btn_check_buttonless_on_18.png
[DEBUG] from JAR /Library/Application Support/Titanium/mobilesdk/osx/3.0.0.GA/android/titanium.jar => org/appcelerator/titanium/res/drawable/btn_check_buttonless_on_48.png
[DEBUG] from JAR /Library/Application Support/Titanium/mobilesdk/osx/3.0.0.GA/android/titanium.jar => org/appcelerator/titanium/res/drawable/btn_check_buttonless_on_64.png
[DEBUG] from JAR /Library/Application Support/Titanium/mobilesdk/osx/3.0.0.GA/android/titanium.jar => org/appcelerator/titanium/res/drawable/btn_more.png
[DEBUG] from JAR /Library/Application Support/Titanium/mobilesdk/osx/3.0.0.GA/android/titanium.jar => org/appcelerator/titanium/res/drawable/btn_more_18.png
[DEBUG] from JAR /Library/Application Support/Titanium/mobilesdk/osx/3.0.0.GA/android/titanium.jar => org/appcelerator/titanium/res/drawable/btn_more_48.png
[DEBUG] from JAR /Library/Application Support/Titanium/mobilesdk/osx/3.0.0.GA/android/titanium.jar => org/appcelerator/titanium/res/drawable/btn_more_64.png
[DEBUG] from JAR /Library/Application Support/Titanium/mobilesdk/osx/3.0.0.GA/android/titanium.jar => org/appcelerator/titanium/res/drawable/btn_picker_normal.9.png
[DEBUG] from JAR /Library/Application Support/Titanium/mobilesdk/osx/3.0.0.GA/android/titanium.jar => org/appcelerator/titanium/res/drawable/btn_picker_pressed.9.png
[DEBUG] from JAR /Library/Application Support/Titanium/mobilesdk/osx/3.0.0.GA/android/titanium.jar => org/appcelerator/titanium/res/drawable/btn_picker_selected.9.png
[DEBUG] from JAR /Library/Application Support/Titanium/mobilesdk/osx/3.0.0.GA/android/titanium.jar => org/appcelerator/titanium/res/drawable/default_icon.png
[DEBUG] from JAR /Library/Application Support/Titanium/mobilesdk/osx/3.0.0.GA/android/titanium.jar => org/appcelerator/titanium/res/drawable/photoDefault.png
[DEBUG] from JAR /Library/Application Support/Titanium/mobilesdk/osx/3.0.0.GA/android/modules/titanium-ui.jar => ti/modules/titanium/ui/widget/webview/binding.js
[DEBUG] from JAR /Library/Application Support/Titanium/mobilesdk/osx/3.0.0.GA/android/modules/titanium-ui.jar => ti/modules/titanium/ui/widget/webview/binding.min.js
[DEBUG] from JAR /Library/Application Support/Titanium/mobilesdk/osx/3.0.0.GA/android/modules/titanium-ui.jar => ti/modules/titanium/ui/widget/webview/json2.js
[DEBUG] from JAR /Library/Application Support/Titanium/mobilesdk/osx/3.0.0.GA/android/modules/titanium-ui.jar => ti/modules/titanium/ui/widget/webview/polling.js
[DEBUG] from JAR /Library/Application Support/Titanium/mobilesdk/osx/3.0.0.GA/android/modules/titanium-ui.jar => ti/modules/titanium/ui/widget/webview/polling.min.js
[DEBUG] from JAR /Library/Application Support/Titanium/mobilesdk/osx/3.0.0.GA/android/thirdparty.jar => org/apache/Commons-NOTICE.txt
[DEBUG] from JAR /Library/Application Support/Titanium/mobilesdk/osx/3.0.0.GA/android/thirdparty.jar => org/apache/HttpComponents-NOTICE.txt
[DEBUG] from JAR /Library/Application Support/Titanium/mobilesdk/osx/3.0.0.GA/android/thirdparty.jar => org/apache/mime4j-NOTICE.txt
[DEBUG] installing native lib: /Library/Application Support/Titanium/modules/android/com.thinkorange.google.analytics/2.1/libs/armeabi/libcom.thinkorange.google.analytics.so
[DEBUG] installing native lib: /Library/Application Support/Titanium/modules/android/com.thinkorange.google.analytics/2.1/libs/armeabi-v7a/libcom.thinkorange.google.analytics.so
[DEBUG] installing native lib: /Library/Application Support/Titanium/modules/android/com.thinkorange.google.analytics/2.1/libs/x86/libcom.thinkorange.google.analytics.so
[DEBUG] installing native lib: /Library/Application Support/Titanium/modules/android/com.arellomobie.push/1.0/libs/armeabi/libcom.arellomobie.push.so
[DEBUG] installing native lib: /Library/Application Support/Titanium/modules/android/com.arellomobie.push/1.0/libs/armeabi-v7a/libcom.arellomobie.push.so
[DEBUG] installing native lib: /Library/Application Support/Titanium/modules/android/com.arellomobie.push/1.0/libs/x86/libcom.arellomobie.push.so
[DEBUG] installing native SDK libs
[DEBUG] Waiting for device to be ready ...
[TRACE] adb devices returned 1 devices/emulators
[DEBUG] Device connected... (waited 0 seconds)
[DEBUG] waited 0.022898 seconds on emulator to get ready
[INFO] Installing application on device
[INFO] Application installed. Launch from drawer on Home Screen
